{"name": "test_right_way", "status": "broken", "statusDetails": {"message": "selenium.common.exceptions.TimeoutException: Message:", "trace": "test_shop.py:89: in test_right_way\n    WebDriverWait(browser, timeout=10, poll_frequency=1).until(\n        browser    = <selenium.webdriver.chrome.webdriver.WebDriver (session=\"c73bb14cf6bd0ac7addd24e8a83dac00\")>\n        cart_is_visible = 'block'\n        product    = <selenium.webdriver.remote.webelement.WebElement (session=\"c73bb14cf6bd0ac7addd24e8a83dac00\", element=\"34f5be91-2f8b-4444-9a2b-01511557db67\")>\n../venv/lib/python3.10/site-packages/selenium/webdriver/support/wait.py:90: in until\n    raise TimeoutException(message, screen, stacktrace)\nE   selenium.common.exceptions.TimeoutException: Message:\n        end_time   = 7681.596776925\n        message    = ''\n        method     = <function url_to_be.<locals>._predicate at 0x102927520>\n        screen     = None\n        self       = <selenium.webdriver.support.wait.WebDriverWait (session=\"c73bb14cf6bd0ac7addd24e8a83dac00\")>\n        stacktrace = None\n        value      = False"}, "description": "\n    Test case TC-4\n    ", "start": 1666344520630, "stop": 1666344536536, "uuid": "05f24e14-0fa0-4959-ae0d-7d1fe7b1b9e7", "historyId": "c8eb5ad197845d65ef7347b5bd720584", "testCaseId": "a124e1ba6816a38413edbbce37a7c035", "fullName": "test_shop#test_right_way", "labels": [{"name": "suite", "value": "test_shop"}, {"name": "host", "value": "dmitrys-MacBook-Air.local"}, {"name": "thread", "value": "4728-MainThread"}, {"name": "framework", "value": "pytest"}, {"name": "language", "value": "cpython3"}, {"name": "package", "value": "test_shop"}]}