{"name": "test_right_way", "status": "broken", "statusDetails": {"message": "selenium.common.exceptions.TimeoutException: Message:", "trace": "test_shop.py:89: in test_right_way\n    WebDriverWait(browser, timeout=10, poll_frequency=1).until(\n        browser    = <selenium.webdriver.chrome.webdriver.WebDriver (session=\"0a88f99248b8ea798ac1ed93cb37d3a4\")>\n        cart_is_visible = 'block'\n        product    = <selenium.webdriver.remote.webelement.WebElement (session=\"0a88f99248b8ea798ac1ed93cb37d3a4\", element=\"03803842-e812-4b29-93fb-02cd5525038b\")>\n../venv/lib/python3.10/site-packages/selenium/webdriver/support/wait.py:90: in until\n    raise TimeoutException(message, screen, stacktrace)\nE   selenium.common.exceptions.TimeoutException: Message:\n        end_time   = 7547.891238868\n        message    = ''\n        method     = <function url_to_be.<locals>._predicate at 0x10223f760>\n        screen     = None\n        self       = <selenium.webdriver.support.wait.WebDriverWait (session=\"0a88f99248b8ea798ac1ed93cb37d3a4\")>\n        stacktrace = None\n        value      = False"}, "description": "\n    Test case TC-4\n    ", "start": 1666344386745, "stop": 1666344402874, "uuid": "46d526b2-563f-4859-b6f7-0b40109e929c", "historyId": "c8eb5ad197845d65ef7347b5bd720584", "testCaseId": "a124e1ba6816a38413edbbce37a7c035", "fullName": "test_shop#test_right_way", "labels": [{"name": "suite", "value": "test_shop"}, {"name": "host", "value": "dmitrys-MacBook-Air.local"}, {"name": "thread", "value": "4630-MainThread"}, {"name": "framework", "value": "pytest"}, {"name": "language", "value": "cpython3"}, {"name": "package", "value": "test_shop"}]}