{"name": "test_products_group", "status": "broken", "statusDetails": {"message": "selenium.common.exceptions.ElementClickInterceptedException: Message: element click intercepted: Element <a href=\"https://test.qa.studio?products_group=sale\" class=\"tab-sale \">...</a> is not clickable at point (549, 624). Other element would receive the click: <div class=\"catalog-toolbar-tabs__content\">...</div>\n  (Session info: chrome=106.0.5249.119)\nStacktrace:\n0   chromedriver                        0x0000000100e59598 chromedriver + 4404632\n1   chromedriver                        0x0000000100de0fa3 chromedriver + 3911587\n2   chromedriver                        0x0000000100a8de6a chromedriver + 425578\n3   chromedriver                        0x0000000100acd644 chromedriver + 685636\n4   chromedriver                        0x0000000100acb0af chromedriver + 676015\n5   chromedriver                        0x0000000100ac86a4 chromedriver + 665252\n6   chromedriver                        0x0000000100ac73af chromedriver + 660399\n7   chromedriver                        0x0000000100abac51 chromedriver + 609361\n8   chromedriver                        0x0000000100ae3da2 chromedriver + 777634\n9   chromedriver                        0x0000000100aba465 chromedriver + 607333\n10  chromedriver                        0x0000000100ae3efe chromedriver + 777982\n11  chromedriver                        0x0000000100afaf79 chromedriver + 872313\n12  chromedriver                        0x0000000100ae3bd3 chromedriver + 777171\n13  chromedriver                        0x0000000100ab8ced chromedriver + 601325\n14  chromedriver                        0x0000000100ab9e51 chromedriver + 605777\n15  chromedriver                        0x0000000100e290ce chromedriver + 4206798\n16  chromedriver                        0x0000000100e2d797 chromedriver + 4224919\n17  chromedriver                        0x0000000100e34a4f chromedriver + 4254287\n18  chromedriver                        0x0000000100e2e4da chromedriver + 4228314\n19  chromedriver                        0x0000000100e0723f chromedriver + 4067903\n20  chromedriver                        0x0000000100e4b6a8 chromedriver + 4347560\n21  chromedriver                        0x0000000100e4b816 chromedriver + 4347926\n22  chromedriver                        0x0000000100e608fe chromedriver + 4434174\n23  libsystem_pthread.dylib             0x00007ff80171c4e1 _pthread_start + 125\n24  libsystem_pthread.dylib             0x00007ff801717f6b thread_start + 15", "trace": "test_shop.py:47: in test_products_group\n    element.click()\n        browser    = <selenium.webdriver.chrome.webdriver.WebDriver (session=\"c73bb14cf6bd0ac7addd24e8a83dac00\")>\n        element    = <selenium.webdriver.remote.webelement.WebElement (session=\"c73bb14cf6bd0ac7addd24e8a83dac00\", element=\"407f2a6e-b740-4c07-96d2-eb29f4df299e\")>\n        elements   = [<selenium.webdriver.remote.webelement.WebElement (session=\"c73bb14cf6bd0ac7addd24e8a83dac00\", element=\"1bce2e8c-6ae5-45dc-bdeb-fec880e7485f\")>,\n <selenium.webdriver.remote.webelement.WebElement (session=\"c73bb14cf6bd0ac7addd24e8a83dac00\", element=\"e73e631b-3a53-4f26-9c9b-b222d3c42456\")>,\n <selenium.webdriver.remote.webelement.WebElement (session=\"c73bb14cf6bd0ac7addd24e8a83dac00\", element=\"e6fc7b4f-dbd2-46e0-8bd0-cc6611678eb7\")>,\n <selenium.webdriver.remote.webelement.WebElement (session=\"c73bb14cf6bd0ac7addd24e8a83dac00\", element=\"69a2967d-190d-4a08-8c0a-88e9c933b198\")>,\n <selenium.webdriver.remote.webelement.WebElement (session=\"c73bb14cf6bd0ac7addd24e8a83dac00\", element=\"3938e62f-c117-42db-b3f1-25390e9c80d1\")>]\n        expected_menu = [('Все', '', \"[class='tab-all active']\"),\n ('Бестселлеры',\n  '/?products_group=best_sellers',\n  \"[class='tab-best_sellers ']\"),\n ('Горячие товары', '/?products_group=featured', \"[class='tab-featured ']\"),\n ('Новые товары', '/?products_group=new', \"[class='tab-new ']\"),\n ('Распродажа товаров', '/?products_group=sale', \"[class='tab-sale ']\")]\n        item       = ('Распродажа товаров', '/?products_group=sale', \"[class='tab-sale ']\")\n        menu_element = \"[class='catalog-toolbar-tabs__content'] a\"\n../venv/lib/python3.10/site-packages/selenium/webdriver/remote/webelement.py:88: in click\n    self._execute(Command.CLICK_ELEMENT)\n        self       = <selenium.webdriver.remote.webelement.WebElement (session=\"c73bb14cf6bd0ac7addd24e8a83dac00\", element=\"407f2a6e-b740-4c07-96d2-eb29f4df299e\")>\n../venv/lib/python3.10/site-packages/selenium/webdriver/remote/webelement.py:396: in _execute\n    return self._parent.execute(command, params)\n        command    = 'clickElement'\n        params     = {'id': '407f2a6e-b740-4c07-96d2-eb29f4df299e',\n 'sessionId': 'c73bb14cf6bd0ac7addd24e8a83dac00'}\n        self       = <selenium.webdriver.remote.webelement.WebElement (session=\"c73bb14cf6bd0ac7addd24e8a83dac00\", element=\"407f2a6e-b740-4c07-96d2-eb29f4df299e\")>\n../venv/lib/python3.10/site-packages/selenium/webdriver/remote/webdriver.py:428: in execute\n    self.error_handler.check_response(response)\n        driver_command = 'clickElement'\n        params     = {'id': '407f2a6e-b740-4c07-96d2-eb29f4df299e'}\n        response   = {'status': 400,\n 'value': '{\"value\":{\"error\":\"element click intercepted\",\"message\":\"element '\n          'click intercepted: Element \\\\u003Ca '\n          'href=\\\\\"https://test.qa.studio?products_group=sale\\\\\" '\n          'class=\\\\\"tab-sale \\\\\">...\\\\u003C/a> is not clickable at point (549, '\n          '624). Other element would receive the click: \\\\u003Cdiv '\n          'class=\\\\\"catalog-toolbar-tabs__content\\\\\">...\\\\u003C/div>\\\\n  '\n          '(Session info: chrome=106.0.5249.119)\",\"stacktrace\":\"0   '\n          'chromedriver                        0x0000000100e59598 chromedriver '\n          '+ 4404632\\\\n1   chromedriver                        '\n          '0x0000000100de0fa3 chromedriver + 3911587\\\\n2   '\n          'chromedriver                        0x0000000100a8de6a chromedriver '\n          '+ 425578\\\\n3   chromedriver                        '\n          '0x0000000100acd644 chromedriver + 685636\\\\n4   '\n          'chromedriver                        0x0000000100acb0af chromedriver '\n          '+ 676015\\\\n5   chromedriver                        '\n          '0x0000000100ac86a4 chromedriver + 665252\\\\n6   '\n          'chromedriver                        0x0000000100ac73af chromedriver '\n          '+ 660399\\\\n7   chromedriver                        '\n          '0x0000000100abac51 chromedriver + 609361\\\\n8   '\n          'chromedriver                        0x0000000100ae3da2 chromedriver '\n          '+ 777634\\\\n9   chromedriver                        '\n          '0x0000000100aba465 chromedriver + 607333\\\\n10  '\n          'chromedriver                        0x0000000100ae3efe chromedriver '\n          '+ 777982\\\\n11  chromedriver                        '\n          '0x0000000100afaf79 chromedriver + 872313\\\\n12  '\n          'chromedriver                        0x0000000100ae3bd3 chromedriver '\n          '+ 777171\\\\n13  chromedriver                        '\n          '0x0000000100ab8ced chromedriver + 601325\\\\n14  '\n          'chromedriver                        0x0000000100ab9e51 chromedriver '\n          '+ 605777\\\\n15  chromedriver                        '\n          '0x0000000100e290ce chromedriver + 4206798\\\\n16  '\n          'chromedriver                        0x0000000100e2d797 chromedriver '\n          '+ 4224919\\\\n17  chromedriver                        '\n          '0x0000000100e34a4f chromedriver + 4254287\\\\n18  '\n          'chromedriver                        0x0000000100e2e4da chromedriver '\n          '+ 4228314\\\\n19  chromedriver                        '\n          '0x0000000100e0723f chromedriver + 4067903\\\\n20  '\n          'chromedriver                        0x0000000100e4b6a8 chromedriver '\n          '+ 4347560\\\\n21  chromedriver                        '\n          '0x0000000100e4b816 chromedriver + 4347926\\\\n22  '\n          'chromedriver                        0x0000000100e608fe chromedriver '\n          '+ 4434174\\\\n23  libsystem_pthread.dylib             '\n          '0x00007ff80171c4e1 _pthread_start + 125\\\\n24  '\n          'libsystem_pthread.dylib             0x00007ff801717f6b thread_start '\n          '+ 15\\\\n\"}}'}\n        self       = <selenium.webdriver.chrome.webdriver.WebDriver (session=\"c73bb14cf6bd0ac7addd24e8a83dac00\")>\n../venv/lib/python3.10/site-packages/selenium/webdriver/remote/errorhandler.py:243: in check_response\n    raise exception_class(message, screen, stacktrace)\nE   selenium.common.exceptions.ElementClickInterceptedException: Message: element click intercepted: Element <a href=\"https://test.qa.studio?products_group=sale\" class=\"tab-sale \">...</a> is not clickable at point (549, 624). Other element would receive the click: <div class=\"catalog-toolbar-tabs__content\">...</div>\nE     (Session info: chrome=106.0.5249.119)\nE   Stacktrace:\nE   0   chromedriver                        0x0000000100e59598 chromedriver + 4404632\nE   1   chromedriver                        0x0000000100de0fa3 chromedriver + 3911587\nE   2   chromedriver                        0x0000000100a8de6a chromedriver + 425578\nE   3   chromedriver                        0x0000000100acd644 chromedriver + 685636\nE   4   chromedriver                        0x0000000100acb0af chromedriver + 676015\nE   5   chromedriver                        0x0000000100ac86a4 chromedriver + 665252\nE   6   chromedriver                        0x0000000100ac73af chromedriver + 660399\nE   7   chromedriver                        0x0000000100abac51 chromedriver + 609361\nE   8   chromedriver                        0x0000000100ae3da2 chromedriver + 777634\nE   9   chromedriver                        0x0000000100aba465 chromedriver + 607333\nE   10  chromedriver                        0x0000000100ae3efe chromedriver + 777982\nE   11  chromedriver                        0x0000000100afaf79 chromedriver + 872313\nE   12  chromedriver                        0x0000000100ae3bd3 chromedriver + 777171\nE   13  chromedriver                        0x0000000100ab8ced chromedriver + 601325\nE   14  chromedriver                        0x0000000100ab9e51 chromedriver + 605777\nE   15  chromedriver                        0x0000000100e290ce chromedriver + 4206798\nE   16  chromedriver                        0x0000000100e2d797 chromedriver + 4224919\nE   17  chromedriver                        0x0000000100e34a4f chromedriver + 4254287\nE   18  chromedriver                        0x0000000100e2e4da chromedriver + 4228314\nE   19  chromedriver                        0x0000000100e0723f chromedriver + 4067903\nE   20  chromedriver                        0x0000000100e4b6a8 chromedriver + 4347560\nE   21  chromedriver                        0x0000000100e4b816 chromedriver + 4347926\nE   22  chromedriver                        0x0000000100e608fe chromedriver + 4434174\nE   23  libsystem_pthread.dylib             0x00007ff80171c4e1 _pthread_start + 125\nE   24  libsystem_pthread.dylib             0x00007ff801717f6b thread_start + 15\n        exception_class = <class 'selenium.common.exceptions.ElementClickInterceptedException'>\n        json       = <module 'json' from '/Library/Frameworks/Python.framework/Versions/3.10/lib/python3.10/json/__init__.py'>\n        message    = ('element click intercepted: Element <a '\n 'href=\"https://test.qa.studio?products_group=sale\" class=\"tab-sale \">...</a> '\n 'is not clickable at point (549, 624). Other element would receive the click: '\n '<div class=\"catalog-toolbar-tabs__content\">...</div>\\n'\n '  (Session info: chrome=106.0.5249.119)')\n        response   = {'status': 400,\n 'value': '{\"value\":{\"error\":\"element click intercepted\",\"message\":\"element '\n          'click intercepted: Element \\\\u003Ca '\n          'href=\\\\\"https://test.qa.studio?products_group=sale\\\\\" '\n          'class=\\\\\"tab-sale \\\\\">...\\\\u003C/a> is not clickable at point (549, '\n          '624). Other element would receive the click: \\\\u003Cdiv '\n          'class=\\\\\"catalog-toolbar-tabs__content\\\\\">...\\\\u003C/div>\\\\n  '\n          '(Session info: chrome=106.0.5249.119)\",\"stacktrace\":\"0   '\n          'chromedriver                        0x0000000100e59598 chromedriver '\n          '+ 4404632\\\\n1   chromedriver                        '\n          '0x0000000100de0fa3 chromedriver + 3911587\\\\n2   '\n          'chromedriver                        0x0000000100a8de6a chromedriver '\n          '+ 425578\\\\n3   chromedriver                        '\n          '0x0000000100acd644 chromedriver + 685636\\\\n4   '\n          'chromedriver                        0x0000000100acb0af chromedriver '\n          '+ 676015\\\\n5   chromedriver                        '\n          '0x0000000100ac86a4 chromedriver + 665252\\\\n6   '\n          'chromedriver                        0x0000000100ac73af chromedriver '\n          '+ 660399\\\\n7   chromedriver                        '\n          '0x0000000100abac51 chromedriver + 609361\\\\n8   '\n          'chromedriver                        0x0000000100ae3da2 chromedriver '\n          '+ 777634\\\\n9   chromedriver                        '\n          '0x0000000100aba465 chromedriver + 607333\\\\n10  '\n          'chromedriver                        0x0000000100ae3efe chromedriver '\n          '+ 777982\\\\n11  chromedriver                        '\n          '0x0000000100afaf79 chromedriver + 872313\\\\n12  '\n          'chromedriver                        0x0000000100ae3bd3 chromedriver '\n          '+ 777171\\\\n13  chromedriver                        '\n          '0x0000000100ab8ced chromedriver + 601325\\\\n14  '\n          'chromedriver                        0x0000000100ab9e51 chromedriver '\n          '+ 605777\\\\n15  chromedriver                        '\n          '0x0000000100e290ce chromedriver + 4206798\\\\n16  '\n          'chromedriver                        0x0000000100e2d797 chromedriver '\n          '+ 4224919\\\\n17  chromedriver                        '\n          '0x0000000100e34a4f chromedriver + 4254287\\\\n18  '\n          'chromedriver                        0x0000000100e2e4da chromedriver '\n          '+ 4228314\\\\n19  chromedriver                        '\n          '0x0000000100e0723f chromedriver + 4067903\\\\n20  '\n          'chromedriver                        0x0000000100e4b6a8 chromedriver '\n          '+ 4347560\\\\n21  chromedriver                        '\n          '0x0000000100e4b816 chromedriver + 4347926\\\\n22  '\n          'chromedriver                        0x0000000100e608fe chromedriver '\n          '+ 4434174\\\\n23  libsystem_pthread.dylib             '\n          '0x00007ff80171c4e1 _pthread_start + 125\\\\n24  '\n          'libsystem_pthread.dylib             0x00007ff801717f6b thread_start '\n          '+ 15\\\\n\"}}'}\n        screen     = None\n        self       = <selenium.webdriver.remote.errorhandler.ErrorHandler object at 0x10290fa30>\n        st_value   = ('0   chromedriver                        0x0000000100e59598 chromedriver + '\n '4404632\\n'\n '1   chromedriver                        0x0000000100de0fa3 chromedriver + '\n '3911587\\n'\n '2   chromedriver                        0x0000000100a8de6a chromedriver + '\n '425578\\n'\n '3   chromedriver                        0x0000000100acd644 chromedriver + '\n '685636\\n'\n '4   chromedriver                        0x0000000100acb0af chromedriver + '\n '676015\\n'\n '5   chromedriver                        0x0000000100ac86a4 chromedriver + '\n '665252\\n'\n '6   chromedriver                        0x0000000100ac73af chromedriver + '\n '660399\\n'\n '7   chromedriver                        0x0000000100abac51 chromedriver + '\n '609361\\n'\n '8   chromedriver                        0x0000000100ae3da2 chromedriver + '\n '777634\\n'\n '9   chromedriver                        0x0000000100aba465 chromedriver + '\n '607333\\n'\n '10  chromedriver                        0x0000000100ae3efe chromedriver + '\n '777982\\n'\n '11  chromedriver                        0x0000000100afaf79 chromedriver + '\n '872313\\n'\n '12  chromedriver                        0x0000000100ae3bd3 chromedriver + '\n '777171\\n'\n '13  chromedriver                        0x0000000100ab8ced chromedriver + '\n '601325\\n'\n '14  chromedriver                        0x0000000100ab9e51 chromedriver + '\n '605777\\n'\n '15  chromedriver                        0x0000000100e290ce chromedriver + '\n '4206798\\n'\n '16  chromedriver                        0x0000000100e2d797 chromedriver + '\n '4224919\\n'\n '17  chromedriver                        0x0000000100e34a4f chromedriver + '\n '4254287\\n'\n '18  chromedriver                        0x0000000100e2e4da chromedriver + '\n '4228314\\n'\n '19  chromedriver                        0x0000000100e0723f chromedriver + '\n '4067903\\n'\n '20  chromedriver                        0x0000000100e4b6a8 chromedriver + '\n '4347560\\n'\n '21  chromedriver                        0x0000000100e4b816 chromedriver + '\n '4347926\\n'\n '22  chromedriver                        0x0000000100e608fe chromedriver + '\n '4434174\\n'\n '23  libsystem_pthread.dylib             0x00007ff80171c4e1 _pthread_start + '\n '125\\n'\n '24  libsystem_pthread.dylib             0x00007ff801717f6b thread_start + '\n '15\\n')\n        stacktrace = ['0   chromedriver                        0x0000000100e59598 chromedriver + '\n '4404632',\n '1   chromedriver                        0x0000000100de0fa3 chromedriver + '\n '3911587',\n '2   chromedriver                        0x0000000100a8de6a chromedriver + '\n '425578',\n '3   chromedriver                        0x0000000100acd644 chromedriver + '\n '685636',\n '4   chromedriver                        0x0000000100acb0af chromedriver + '\n '676015',\n '5   chromedriver                        0x0000000100ac86a4 chromedriver + '\n '665252',\n '6   chromedriver                        0x0000000100ac73af chromedriver + '\n '660399',\n '7   chromedriver                        0x0000000100abac51 chromedriver + '\n '609361',\n '8   chromedriver                        0x0000000100ae3da2 chromedriver + '\n '777634',\n '9   chromedriver                        0x0000000100aba465 chromedriver + '\n '607333',\n '10  chromedriver                        0x0000000100ae3efe chromedriver + '\n '777982',\n '11  chromedriver                        0x0000000100afaf79 chromedriver + '\n '872313',\n '12  chromedriver                        0x0000000100ae3bd3 chromedriver + '\n '777171',\n '13  chromedriver                        0x0000000100ab8ced chromedriver + '\n '601325',\n '14  chromedriver                        0x0000000100ab9e51 chromedriver + '\n '605777',\n '15  chromedriver                        0x0000000100e290ce chromedriver + '\n '4206798',\n '16  chromedriver                        0x0000000100e2d797 chromedriver + '\n '4224919',\n '17  chromedriver                        0x0000000100e34a4f chromedriver + '\n '4254287',\n '18  chromedriver                        0x0000000100e2e4da chromedriver + '\n '4228314',\n '19  chromedriver                        0x0000000100e0723f chromedriver + '\n '4067903',\n '20  chromedriver                        0x0000000100e4b6a8 chromedriver + '\n '4347560',\n '21  chromedriver                        0x0000000100e4b816 chromedriver + '\n '4347926',\n '22  chromedriver                        0x0000000100e608fe chromedriver + '\n '4434174',\n '23  libsystem_pthread.dylib             0x00007ff80171c4e1 _pthread_start + '\n '125',\n '24  libsystem_pthread.dylib             0x00007ff801717f6b thread_start + 15',\n '']\n        status     = 'element click intercepted'\n        value      = {'error': 'element click intercepted',\n 'message': 'element click intercepted: Element <a '\n            'href=\"https://test.qa.studio?products_group=sale\" class=\"tab-sale '\n            '\">...</a> is not clickable at point (549, 624). Other element '\n            'would receive the click: <div '\n            'class=\"catalog-toolbar-tabs__content\">...</div>\\n'\n            '  (Session info: chrome=106.0.5249.119)',\n 'stacktrace': '0   chromedriver                        0x0000000100e59598 '\n               'chromedriver + 4404632\\n'\n               '1   chromedriver                        0x0000000100de0fa3 '\n               'chromedriver + 3911587\\n'\n               '2   chromedriver                        0x0000000100a8de6a '\n               'chromedriver + 425578\\n'\n               '3   chromedriver                        0x0000000100acd644 '\n               'chromedriver + 685636\\n'\n               '4   chromedriver                        0x0000000100acb0af '\n               'chromedriver + 676015\\n'\n               '5   chromedriver                        0x0000000100ac86a4 '\n               'chromedriver + 665252\\n'\n               '6   chromedriver                        0x0000000100ac73af '\n               'chromedriver + 660399\\n'\n               '7   chromedriver                        0x0000000100abac51 '\n               'chromedriver + 609361\\n'\n               '8   chromedriver                        0x0000000100ae3da2 '\n               'chromedriver + 777634\\n'\n               '9   chromedriver                        0x0000000100aba465 '\n               'chromedriver + 607333\\n'\n               '10  chromedriver                        0x0000000100ae3efe '\n               'chromedriver + 777982\\n'\n               '11  chromedriver                        0x0000000100afaf79 '\n               'chromedriver + 872313\\n'\n               '12  chromedriver                        0x0000000100ae3bd3 '\n               'chromedriver + 777171\\n'\n               '13  chromedriver                        0x0000000100ab8ced '\n               'chromedriver + 601325\\n'\n               '14  chromedriver                        0x0000000100ab9e51 '\n               'chromedriver + 605777\\n'\n               '15  chromedriver                        0x0000000100e290ce '\n               'chromedriver + 4206798\\n'\n               '16  chromedriver                        0x0000000100e2d797 '\n               'chromedriver + 4224919\\n'\n               '17  chromedriver                        0x0000000100e34a4f '\n               'chromedriver + 4254287\\n'\n               '18  chromedriver                        0x0000000100e2e4da '\n               'chromedriver + 4228314\\n'\n               '19  chromedriver                        0x0000000100e0723f '\n               'chromedriver + 4067903\\n'\n               '20  chromedriver                        0x0000000100e4b6a8 '\n               'chromedriver + 4347560\\n'\n               '21  chromedriver                        0x0000000100e4b816 '\n               'chromedriver + 4347926\\n'\n               '22  chromedriver                        0x0000000100e608fe '\n               'chromedriver + 4434174\\n'\n               '23  libsystem_pthread.dylib             0x00007ff80171c4e1 '\n               '_pthread_start + 125\\n'\n               '24  libsystem_pthread.dylib             0x00007ff801717f6b '\n               'thread_start + 15\\n'}\n        value_json = ('{\"value\":{\"error\":\"element click intercepted\",\"message\":\"element click '\n 'intercepted: Element \\\\u003Ca '\n 'href=\\\\\"https://test.qa.studio?products_group=sale\\\\\" class=\\\\\"tab-sale '\n '\\\\\">...\\\\u003C/a> is not clickable at point (549, 624). Other element would '\n 'receive the click: \\\\u003Cdiv '\n 'class=\\\\\"catalog-toolbar-tabs__content\\\\\">...\\\\u003C/div>\\\\n  (Session info: '\n 'chrome=106.0.5249.119)\",\"stacktrace\":\"0   '\n 'chromedriver                        0x0000000100e59598 chromedriver + '\n '4404632\\\\n1   chromedriver                        0x0000000100de0fa3 '\n 'chromedriver + 3911587\\\\n2   chromedriver                        '\n '0x0000000100a8de6a chromedriver + 425578\\\\n3   '\n 'chromedriver                        0x0000000100acd644 chromedriver + '\n '685636\\\\n4   chromedriver                        0x0000000100acb0af '\n 'chromedriver + 676015\\\\n5   chromedriver                        '\n '0x0000000100ac86a4 chromedriver + 665252\\\\n6   '\n 'chromedriver                        0x0000000100ac73af chromedriver + '\n '660399\\\\n7   chromedriver                        0x0000000100abac51 '\n 'chromedriver + 609361\\\\n8   chromedriver                        '\n '0x0000000100ae3da2 chromedriver + 777634\\\\n9   '\n 'chromedriver                        0x0000000100aba465 chromedriver + '\n '607333\\\\n10  chromedriver                        0x0000000100ae3efe '\n 'chromedriver + 777982\\\\n11  chromedriver                        '\n '0x0000000100afaf79 chromedriver + 872313\\\\n12  '\n 'chromedriver                        0x0000000100ae3bd3 chromedriver + '\n '777171\\\\n13  chromedriver                        0x0000000100ab8ced '\n 'chromedriver + 601325\\\\n14  chromedriver                        '\n '0x0000000100ab9e51 chromedriver + 605777\\\\n15  '\n 'chromedriver                        0x0000000100e290ce chromedriver + '\n '4206798\\\\n16  chromedriver                        0x0000000100e2d797 '\n 'chromedriver + 4224919\\\\n17  chromedriver                        '\n '0x0000000100e34a4f chromedriver + 4254287\\\\n18  '\n 'chromedriver                        0x0000000100e2e4da chromedriver + '\n '4228314\\\\n19  chromedriver                        0x0000000100e0723f '\n 'chromedriver + 4067903\\\\n20  chromedriver                        '\n '0x0000000100e4b6a8 chromedriver + 4347560\\\\n21  '\n 'chromedriver                        0x0000000100e4b816 chromedriver + '\n '4347926\\\\n22  chromedriver                        0x0000000100e608fe '\n 'chromedriver + 4434174\\\\n23  libsystem_pthread.dylib             '\n '0x00007ff80171c4e1 _pthread_start + 125\\\\n24  '\n 'libsystem_pthread.dylib             0x00007ff801717f6b thread_start + '\n '15\\\\n\"}}')"}, "description": "\n    Test case TC-2\n    ", "start": 1666344512990, "stop": 1666344517726, "uuid": "394a6756-ae53-41f6-a15d-ddd1c1b7ec63", "historyId": "8eb1597fbc3a721fe9415865d2ff840c", "testCaseId": "661b4d561aa9283d092c863c736f17f8", "fullName": "test_shop#test_products_group", "labels": [{"name": "suite", "value": "test_shop"}, {"name": "host", "value": "dmitrys-MacBook-Air.local"}, {"name": "thread", "value": "4728-MainThread"}, {"name": "framework", "value": "pytest"}, {"name": "language", "value": "cpython3"}, {"name": "package", "value": "test_shop"}]}